<?xml version="1.0" encoding="UTF-8"?>
<!-- Generated by org.testng.reporters.JUnitXMLReporter -->
<testsuite hostname="DESKTOP-90QM8IP" ignored="0" name="Test(failed)" tests="1" failures="1" timestamp="2020-06-08T23:57:14 EDT" time="11.146" errors="0">
  <testcase name="clickOnAdminTab" time="4.228" classname="com.OrangeHRM.testcases.HomePageTest">
    <failure type="java.lang.AssertionError" message="expected [https://opensource-demo.orangehrmlive.com/index.php/dashboard] but found [https://opensource-demo.orangehrmlive.com/index.php/admin/viewSystemUsers]">
      <![CDATA[java.lang.AssertionError: expected [https://opensource-demo.orangehrmlive.com/index.php/dashboard] but found [https://opensource-demo.orangehrmlive.com/index.php/admin/viewSystemUsers]
at com.OrangeHRM.testcases.HomePageTest.clickOnAdminTab(HomePageTest.java:19)
at java.util.ArrayList.forEach(Unknown Source)
... Removed 32 stack frames]]>
    </failure>
  </testcase> <!-- clickOnAdminTab -->
</testsuite> <!-- Test(failed) -->
